{"name": "test_task_2", "status": "failed", "statusDetails": {"message": "AssertionError: assert 15 == 16", "trace": "def test_task_2():\n        driver = webdriver.Chrome()\n        calc = Calc(driver)\n    \n        calc.timer()\n        calc.nums()\n        res = calc.result()\n>       assert res == 16\nE       assert 15 == 16\n\nTask2\\test_task2.py:13: AssertionError"}, "start": 1729682252373, "stop": 1729682303875, "uuid": "f9827617-c333-40e0-adcc-b1305f896a33", "historyId": "d8663dc723f0131411e32ecf557a085f", "testCaseId": "d8663dc723f0131411e32ecf557a085f", "fullName": "Task2.test_task2#test_task_2", "labels": [{"name": "parentSuite", "value": "Task2"}, {"name": "suite", "value": "test_task2"}, {"name": "host", "value": "zzZ"}, {"name": "thread", "value": "9368-MainThread"}, {"name": "framework", "value": "pytest"}, {"name": "language", "value": "cpython3"}, {"name": "package", "value": "Task2.test_task2"}]}